<?xml version="1.0" encoding="UTF-8"?>
<testng-results skipped="6" failed="0" total="6" passed="0">
  <reporter-output>
  </reporter-output>
  <suite name="Default suite" duration-ms="240713" started-at="2019-01-23T14:23:34Z" finished-at="2019-01-23T14:27:35Z">
    <groups>
    </groups>
    <test name="Default test" duration-ms="240713" started-at="2019-01-23T14:23:34Z" finished-at="2019-01-23T14:27:35Z">
      <class name="com.pulse.Test.AnalyseReport">
        <test-method status="FAIL" signature="setUp(java.lang.String)[pri:0, instance:com.pulse.Test.AnalyseReport@e350b40]" name="setUp" is-config="true" duration-ms="0" started-at="2019-01-23T19:53:35Z" finished-at="2019-01-23T19:53:35Z">
          <params>
            <param index="0">
              <value>
                <![CDATA[chrome]]>
              </value>
            </param>
          </params>
          <exception class="org.openqa.selenium.WebDriverException">
            <message>
              <![CDATA[unknown error: unable to discover open pages
  (Driver info: chromedriver=2.45.615291 (ec3682e3c9061c10f26ea9e5cdcf3c53f3f74387),platform=Windows NT 10.0.17134 x86_64) (WARNING: The server did not provide any stacktrace information)
Command duration or timeout: 88.87 seconds
Build info: version: '2.53.0', revision: '35ae25b', time: '2016-03-15 17:00:58'
System info: host: 'DESKTOP-IA0DLJF', ip: '192.168.2.8', os.name: 'Windows 10', os.arch: 'amd64', os.version: '10.0', java.version: '1.8.0_192'
Driver info: org.openqa.selenium.chrome.ChromeDriver
Command duration or timeout: 201.59 seconds
Build info: version: '2.53.1', revision: 'a36b8b1', time: '2016-06-30 17:32:46'
System info: host: 'DESKTOP-IA0DLJF', ip: '192.168.2.8', os.name: 'Windows 10', os.arch: 'amd64', os.version: '10.0', java.version: '1.8.0_192'
Driver info: org.openqa.selenium.remote.RemoteWebDriver]]>
            </message>
            <full-stacktrace>
              <![CDATA[org.openqa.selenium.WebDriverException: unknown error: unable to discover open pages
  (Driver info: chromedriver=2.45.615291 (ec3682e3c9061c10f26ea9e5cdcf3c53f3f74387),platform=Windows NT 10.0.17134 x86_64) (WARNING: The server did not provide any stacktrace information)
Command duration or timeout: 88.87 seconds
Build info: version: '2.53.0', revision: '35ae25b', time: '2016-03-15 17:00:58'
System info: host: 'DESKTOP-IA0DLJF', ip: '192.168.2.8', os.name: 'Windows 10', os.arch: 'amd64', os.version: '10.0', java.version: '1.8.0_192'
Driver info: org.openqa.selenium.chrome.ChromeDriver
Command duration or timeout: 201.59 seconds
Build info: version: '2.53.1', revision: 'a36b8b1', time: '2016-06-30 17:32:46'
System info: host: 'DESKTOP-IA0DLJF', ip: '192.168.2.8', os.name: 'Windows 10', os.arch: 'amd64', os.version: '10.0', java.version: '1.8.0_192'
Driver info: org.openqa.selenium.remote.RemoteWebDriver
	at sun.reflect.NativeConstructorAccessorImpl.newInstance0(Native Method)
	at sun.reflect.NativeConstructorAccessorImpl.newInstance(Unknown Source)
	at sun.reflect.DelegatingConstructorAccessorImpl.newInstance(Unknown Source)
	at java.lang.reflect.Constructor.newInstance(Unknown Source)
	at org.openqa.selenium.remote.ErrorHandler.createThrowable(ErrorHandler.java:206)
	at org.openqa.selenium.remote.ErrorHandler.throwIfResponseFailed(ErrorHandler.java:158)
	at org.openqa.selenium.remote.RemoteWebDriver.execute(RemoteWebDriver.java:678)
	at org.openqa.selenium.remote.RemoteWebDriver.startSession(RemoteWebDriver.java:249)
	at org.openqa.selenium.remote.RemoteWebDriver.<init>(RemoteWebDriver.java:131)
	at org.openqa.selenium.remote.RemoteWebDriver.<init>(RemoteWebDriver.java:158)
	at generic.BaseTest.getDriver(BaseTest.java:219)
	at generic.BaseTest.setUp(BaseTest.java:175)
	at sun.reflect.NativeMethodAccessorImpl.invoke0(Native Method)
	at sun.reflect.NativeMethodAccessorImpl.invoke(Unknown Source)
	at sun.reflect.DelegatingMethodAccessorImpl.invoke(Unknown Source)
	at java.lang.reflect.Method.invoke(Unknown Source)
	at org.testng.internal.MethodInvocationHelper.invokeMethod(MethodInvocationHelper.java:85)
	at org.testng.internal.Invoker.invokeConfigurationMethod(Invoker.java:510)
	at org.testng.internal.Invoker.invokeConfigurations(Invoker.java:211)
	at org.testng.internal.Invoker.invokeConfigurations(Invoker.java:138)
	at org.testng.internal.TestMethodWorker.invokeBeforeClassMethods(TestMethodWorker.java:170)
	at org.testng.internal.TestMethodWorker.run(TestMethodWorker.java:104)
	at org.testng.TestRunner.privateRun(TestRunner.java:774)
	at org.testng.TestRunner.run(TestRunner.java:624)
	at org.testng.SuiteRunner.runTest(SuiteRunner.java:359)
	at org.testng.SuiteRunner.runSequentially(SuiteRunner.java:354)
	at org.testng.SuiteRunner.privateRun(SuiteRunner.java:312)
	at org.testng.SuiteRunner.run(SuiteRunner.java:261)
	at org.testng.SuiteRunnerWorker.runSuite(SuiteRunnerWorker.java:52)
	at org.testng.SuiteRunnerWorker.run(SuiteRunnerWorker.java:86)
	at org.testng.TestNG.runSuitesSequentially(TestNG.java:1215)
	at org.testng.TestNG.runSuitesLocally(TestNG.java:1140)
	at org.testng.TestNG.run(TestNG.java:1048)
	at org.testng.remote.AbstractRemoteTestNG.run(AbstractRemoteTestNG.java:114)
	at org.testng.remote.RemoteTestNG.initAndRun(RemoteTestNG.java:251)
	at org.testng.remote.RemoteTestNG.main(RemoteTestNG.java:77)
Caused by: org.openqa.selenium.WebDriverException: unknown error: unable to discover open pages
  (Driver info: chromedriver=2.45.615291 (ec3682e3c9061c10f26ea9e5cdcf3c53f3f74387),platform=Windows NT 10.0.17134 x86_64) (WARNING: The server did not provide any stacktrace information)
Command duration or timeout: 88.87 seconds
Build info: version: '2.53.0', revision: '35ae25b', time: '2016-03-15 17:00:58'
System info: host: 'DESKTOP-IA0DLJF', ip: '192.168.2.8', os.name: 'Windows 10', os.arch: 'amd64', os.version: '10.0', java.version: '1.8.0_192'
Driver info: org.openqa.selenium.chrome.ChromeDriver
Build info: version: '2.53.1', revision: 'a36b8b1', time: '2016-06-30 17:32:46'
System info: host: 'DESKTOP-IA0DLJF', ip: '192.168.2.8', os.name: 'Windows 10', os.arch: 'amd64', os.version: '10.0', java.version: '1.8.0_192'
Driver info: driver.version: ChromeDriver
	at sun.reflect.NativeConstructorAccessorImpl.newInstance0(Native Method)
	at sun.reflect.NativeConstructorAccessorImpl.newInstance(Unknown Source)
	at sun.reflect.DelegatingConstructorAccessorImpl.newInstance(Unknown Source)
	at java.lang.reflect.Constructor.newInstance(Unknown Source)
	at org.openqa.selenium.remote.ErrorHandler.createThrowable(ErrorHandler.java:206)
	at org.openqa.selenium.remote.ErrorHandler.throwIfResponseFailed(ErrorHandler.java:158)
	at org.openqa.selenium.remote.RemoteWebDriver.execute(RemoteWebDriver.java:678)
	at org.openqa.selenium.remote.RemoteWebDriver.startSession(RemoteWebDriver.java:249)
	at org.openqa.selenium.remote.RemoteWebDriver.<init>(RemoteWebDriver.java:131)
	at org.openqa.selenium.remote.RemoteWebDriver.<init>(RemoteWebDriver.java:144)
	at org.openqa.selenium.chrome.ChromeDriver.<init>(ChromeDriver.java:170)
	at org.openqa.selenium.chrome.ChromeDriver.<init>(ChromeDriver.java:138)
	at sun.reflect.NativeConstructorAccessorImpl.newInstance0(Native Method)
	at sun.reflect.NativeConstructorAccessorImpl.newInstance(Unknown Source)
	at sun.reflect.DelegatingConstructorAccessorImpl.newInstance(Unknown Source)
	at java.lang.reflect.Constructor.newInstance(Unknown Source)
	at org.openqa.selenium.remote.server.DefaultDriverProvider.callConstructor(DefaultDriverProvider.java:103)
	at org.openqa.selenium.remote.server.DefaultDriverProvider.newInstance(DefaultDriverProvider.java:97)
	at org.openqa.selenium.remote.server.DefaultDriverFactory.newInstance(DefaultDriverFactory.java:60)
	at org.openqa.selenium.remote.server.DefaultSession$BrowserCreator.call(DefaultSession.java:222)
	at org.openqa.selenium.remote.server.DefaultSession$BrowserCreator.call(DefaultSession.java:1)
	at java.util.concurrent.FutureTask.run(Unknown Source)
	at org.openqa.selenium.remote.server.DefaultSession$1.run(DefaultSession.java:176)
	at java.util.concurrent.ThreadPoolExecutor.runWorker(Unknown Source)
	at java.util.concurrent.ThreadPoolExecutor$Worker.run(Unknown Source)
	at java.lang.Thread.run(Unknown Source)
]]>
            </full-stacktrace>
          </exception> <!-- org.openqa.selenium.WebDriverException -->
          <reporter-output>
          </reporter-output>
        </test-method> <!-- setUp -->
        <test-method status="SKIP" signature="testDVReport()[pri:1, instance:com.pulse.Test.AnalyseReport@e350b40]" name="testDVReport" duration-ms="4" started-at="2019-01-23T19:57:35Z" finished-at="2019-01-23T19:57:35Z">
          <reporter-output>
          </reporter-output>
        </test-method> <!-- testDVReport -->
        <test-method status="SKIP" signature="tearDown(org.testng.ITestResult)[pri:0, instance:com.pulse.Test.AnalyseReport@e350b40]" name="tearDown" is-config="true" duration-ms="0" started-at="2019-01-23T19:57:35Z" finished-at="2019-01-23T19:57:35Z">
          <reporter-output>
          </reporter-output>
        </test-method> <!-- tearDown -->
      </class> <!-- com.pulse.Test.AnalyseReport -->
      <class name="com.pulse.Test.ValidLogin3">
        <test-method status="PASS" signature="SetUp()[pri:0, instance:com.pulse.Test.ValidLogin3@38cee291]" name="SetUp" is-config="true" duration-ms="8136" started-at="2019-01-23T19:53:26Z" finished-at="2019-01-23T19:53:34Z">
          <reporter-output>
          </reporter-output>
        </test-method> <!-- SetUp -->
        <test-method status="SKIP" signature="setUp(java.lang.String)[pri:0, instance:com.pulse.Test.ValidLogin3@38cee291]" name="setUp" is-config="true" duration-ms="0" started-at="2019-01-23T19:57:35Z" finished-at="2019-01-23T19:57:35Z">
          <reporter-output>
          </reporter-output>
        </test-method> <!-- setUp -->
        <test-method status="SKIP" signature="Companydirectory(java.lang.reflect.Method)[pri:3, instance:com.pulse.Test.ValidLogin3@38cee291]" name="Companydirectory" duration-ms="5" started-at="2019-01-23T19:57:35Z" finished-at="2019-01-23T19:57:35Z">
          <params>
            <param index="0">
              <value>
                <![CDATA[public void com.pulse.Test.ValidLogin3.Companydirectory(java.lang.reflect.Method) throws java.lang.Exception]]>
              </value>
            </param>
          </params>
          <reporter-output>
          </reporter-output>
        </test-method> <!-- Companydirectory -->
        <test-method status="SKIP" signature="tearDown(org.testng.ITestResult)[pri:0, instance:com.pulse.Test.ValidLogin3@38cee291]" name="tearDown" is-config="true" duration-ms="0" started-at="2019-01-23T19:57:35Z" finished-at="2019-01-23T19:57:35Z">
          <reporter-output>
          </reporter-output>
        </test-method> <!-- tearDown -->
        <test-method status="SKIP" signature="afterClass()[pri:0, instance:com.pulse.Test.ValidLogin3@38cee291]" name="afterClass" is-config="true" duration-ms="0" started-at="2019-01-23T19:57:38Z" finished-at="2019-01-23T19:57:38Z">
          <reporter-output>
          </reporter-output>
        </test-method> <!-- afterClass -->
        <test-method status="SKIP" signature="tearDown()[pri:0, instance:com.pulse.Test.ValidLogin3@38cee291]" name="tearDown" is-config="true" duration-ms="0" started-at="2019-01-23T19:57:38Z" finished-at="2019-01-23T19:57:38Z">
          <reporter-output>
          </reporter-output>
        </test-method> <!-- tearDown -->
      </class> <!-- com.pulse.Test.ValidLogin3 -->
      <class name="com.pulse.Test.InvalidLogin">
        <test-method status="SKIP" signature="setUp(java.lang.String)[pri:0, instance:com.pulse.Test.InvalidLogin@41a0aa7d]" name="setUp" is-config="true" duration-ms="0" started-at="2019-01-23T19:57:35Z" finished-at="2019-01-23T19:57:35Z">
          <reporter-output>
          </reporter-output>
        </test-method> <!-- setUp -->
        <test-method status="SKIP" signature="testInvalidLogin()[pri:2, instance:com.pulse.Test.InvalidLogin@41a0aa7d]" name="testInvalidLogin" duration-ms="0" started-at="2019-01-23T19:57:35Z" finished-at="2019-01-23T19:57:35Z">
          <reporter-output>
          </reporter-output>
        </test-method> <!-- testInvalidLogin -->
        <test-method status="SKIP" signature="tearDown(org.testng.ITestResult)[pri:0, instance:com.pulse.Test.InvalidLogin@41a0aa7d]" name="tearDown" is-config="true" duration-ms="0" started-at="2019-01-23T19:57:35Z" finished-at="2019-01-23T19:57:35Z">
          <reporter-output>
          </reporter-output>
        </test-method> <!-- tearDown -->
      </class> <!-- com.pulse.Test.InvalidLogin -->
      <class name="com.pulse.Test.ValidLogin2">
        <test-method status="SKIP" signature="EmailManagement(java.lang.reflect.Method)[pri:2, instance:com.pulse.Test.ValidLogin2@4b45a2f5]" name="EmailManagement" duration-ms="4" started-at="2019-01-23T19:57:35Z" finished-at="2019-01-23T19:57:35Z">
          <params>
            <param index="0">
              <value>
                <![CDATA[public void com.pulse.Test.ValidLogin2.EmailManagement(java.lang.reflect.Method) throws java.lang.Exception]]>
              </value>
            </param>
          </params>
          <reporter-output>
          </reporter-output>
        </test-method> <!-- EmailManagement -->
        <test-method status="SKIP" signature="setUp(java.lang.String)[pri:0, instance:com.pulse.Test.ValidLogin2@4b45a2f5]" name="setUp" is-config="true" duration-ms="0" started-at="2019-01-23T19:57:35Z" finished-at="2019-01-23T19:57:35Z">
          <reporter-output>
          </reporter-output>
        </test-method> <!-- setUp -->
        <test-method status="SKIP" signature="tearDown(org.testng.ITestResult)[pri:0, instance:com.pulse.Test.ValidLogin2@4b45a2f5]" name="tearDown" is-config="true" duration-ms="0" started-at="2019-01-23T19:57:35Z" finished-at="2019-01-23T19:57:35Z">
          <reporter-output>
          </reporter-output>
        </test-method> <!-- tearDown -->
      </class> <!-- com.pulse.Test.ValidLogin2 -->
      <class name="com.pulse.Test.ValidLogin">
        <test-method status="SKIP" signature="setUp(java.lang.String)[pri:0, instance:com.pulse.Test.ValidLogin@f09733f]" name="setUp" is-config="true" duration-ms="0" started-at="2019-01-23T19:57:35Z" finished-at="2019-01-23T19:57:35Z">
          <reporter-output>
          </reporter-output>
        </test-method> <!-- setUp -->
        <test-method status="SKIP" signature="Author(java.lang.reflect.Method)[pri:1, instance:com.pulse.Test.ValidLogin@f09733f]" name="Author" duration-ms="0" started-at="2019-01-23T19:57:35Z" finished-at="2019-01-23T19:57:35Z">
          <params>
            <param index="0">
              <value>
                <![CDATA[public void com.pulse.Test.ValidLogin.Author(java.lang.reflect.Method) throws java.lang.Exception]]>
              </value>
            </param>
          </params>
          <reporter-output>
          </reporter-output>
        </test-method> <!-- Author -->
        <test-method status="SKIP" signature="tearDown(org.testng.ITestResult)[pri:0, instance:com.pulse.Test.ValidLogin@f09733f]" name="tearDown" is-config="true" duration-ms="0" started-at="2019-01-23T19:57:35Z" finished-at="2019-01-23T19:57:35Z">
          <reporter-output>
          </reporter-output>
        </test-method> <!-- tearDown -->
      </class> <!-- com.pulse.Test.ValidLogin -->
      <class name="com.pulse.Test.AddParticipant">
        <test-method status="SKIP" signature="addparticipant(java.lang.reflect.Method)[pri:1, instance:com.pulse.Test.AddParticipant@2794eab6]" name="addparticipant" duration-ms="0" started-at="2019-01-23T19:57:35Z" finished-at="2019-01-23T19:57:35Z">
          <params>
            <param index="0">
              <value>
                <![CDATA[public void com.pulse.Test.AddParticipant.addparticipant(java.lang.reflect.Method) throws java.lang.Exception]]>
              </value>
            </param>
          </params>
          <reporter-output>
          </reporter-output>
        </test-method> <!-- addparticipant -->
        <test-method status="SKIP" signature="setUp(java.lang.String)[pri:0, instance:com.pulse.Test.AddParticipant@2794eab6]" name="setUp" is-config="true" duration-ms="0" started-at="2019-01-23T19:57:35Z" finished-at="2019-01-23T19:57:35Z">
          <reporter-output>
          </reporter-output>
        </test-method> <!-- setUp -->
        <test-method status="SKIP" signature="tearDown(org.testng.ITestResult)[pri:0, instance:com.pulse.Test.AddParticipant@2794eab6]" name="tearDown" is-config="true" duration-ms="0" started-at="2019-01-23T19:57:35Z" finished-at="2019-01-23T19:57:35Z">
          <reporter-output>
          </reporter-output>
        </test-method> <!-- tearDown -->
      </class> <!-- com.pulse.Test.AddParticipant -->
    </test> <!-- Default test -->
  </suite> <!-- Default suite -->
</testng-results>
